<?xml version="1.0" encoding="UTF-8"?>
<!-- Generated by org.testng.reporters.JUnitXMLReporter -->
<testsuite ignored="4" hostname="Rahul" failures="0" tests="2" name="Test-Runner-Chrome" time="40.428" errors="0" timestamp="2022-09-05T15:58:39 IST">
  <testcase classname="vtiger.GenericUtility.BaseClass" name="@BeforeMethod bmCOnfig" time="0.001">
    <failure type="java.lang.NullPointerException" message="Cannot invoke &amp;quot;org.openqa.selenium.SearchContext.findElement(org.openqa.selenium.By)&amp;quot; because &amp;quot;this.searchContext&amp;quot; is null">
      <![CDATA[java.lang.NullPointerException: Cannot invoke "org.openqa.selenium.SearchContext.findElement(org.openqa.selenium.By)" because "this.searchContext" is null
at org.openqa.selenium.support.pagefactory.DefaultElementLocator.findElement(DefaultElementLocator.java:69)
at org.openqa.selenium.support.pagefactory.internal.LocatingElementHandler.invoke(LocatingElementHandler.java:38)
at jdk.proxy2/jdk.proxy2.$Proxy17.sendKeys(Unknown Source)
at vtiger.ObjectRepository.LoginPage.loginToApp(LoginPage.java:49)
at vtiger.GenericUtility.BaseClass.bmCOnfig(BaseClass.java:82)
at java.base/java.util.ArrayList.forEach(ArrayList.java:1511)
at java.base/java.util.concurrent.FutureTask.run(FutureTask.java:264)
at java.base/java.util.concurrent.ThreadPoolExecutor.runWorker(ThreadPoolExecutor.java:1130)
at java.base/java.util.concurrent.ThreadPoolExecutor$Worker.run(ThreadPoolExecutor.java:630)
at java.base/java.lang.Thread.run(Thread.java:831)
... Removed 22 stack frames]]>
    </failure>
  </testcase> <!-- @BeforeMethod bmCOnfig -->
  <testcase classname="vtiger.GenericUtility.BaseClass" name="@AfterMethod amConfig" time="-1.662373718621E9">
    <skipped/>
  </testcase> <!-- @AfterMethod amConfig -->
  <testcase classname="vtiger.ContactsTests.CreateContactWithOrgTest" name="createContactWithOrgTest" time="28.257"/>
  <testcase classname="vtiger.ContactsTests.CreateContactWithMandatoryFieldsTest" name="createContactWithMandatoryFields" time="0.0">
    <skipped/>
  </testcase> <!-- createContactWithMandatoryFields -->
  <testcase classname="vtiger.GenericUtility.BaseClass" name="@BeforeTest bcConfig" time="0.0">
    <ignored/>
  </testcase> <!-- @BeforeTest bcConfig -->
  <testcase classname="vtiger.GenericUtility.BaseClass" name="@AfterTest acConfig" time="0.0">
    <ignored/>
  </testcase> <!-- @AfterTest acConfig -->
  <testcase classname="vtiger.GenericUtility.BaseClass" name="@BeforeSuite bsConfig" time="0.0">
    <ignored/>
  </testcase> <!-- @BeforeSuite bsConfig -->
  <testcase classname="vtiger.GenericUtility.BaseClass" name="@AfterSuite asConfig" time="0.0">
    <ignored/>
  </testcase> <!-- @AfterSuite asConfig -->
</testsuite> <!-- Test-Runner-Chrome -->
